#
# There is insufficient memory for the Java Runtime Environment to continue.
# Native memory allocation (mmap) failed to map 65536 bytes for Failed to commit area from 0x0000027c9b630000 to 0x0000027c9b640000 of length 65536.
# Possible reasons:
#   The system is out of physical RAM or swap space
#   The process is running with CompressedOops enabled, and the Java Heap may be blocking the growth of the native heap
# Possible solutions:
#   Reduce memory load on the system
#   Increase physical memory or swap space
#   Check if swap backing store is full
#   Decrease Java heap size (-Xmx/-Xms)
#   Decrease number of Java threads
#   Decrease Java thread stack sizes (-Xss)
#   Set larger code cache with -XX:ReservedCodeCacheSize=
# This output file may be truncated or incomplete.
#
#  Out of Memory Error (c:/sb/prod/1680893669/workspace/open/src/hotspot/os/windows/os_windows.cpp:3269), pid=10840, tid=17368
#
# JRE version:  (11.0.1+3) (build )
# Java VM: OpenJDK 64-Bit Server VM (11.0.0.1+3-5, mixed mode, aot, sharing, tiered, compressed oops, g1 gc, windows-amd64)
# No core dump will be written. Minidumps are not enabled by default on client versions of Windows
#

---------------  S U M M A R Y ------------

Command Line: -javaagent:C:\Program Files\JetBrains\IntelliJ IDEA Community Edition 2023.2.3\lib\idea_rt.jar=59221:C:\Program Files\JetBrains\IntelliJ IDEA Community Edition 2023.2.3\bin -Dfile.encoding=UTF-8 org.example.homework.first.GetAverage

Host: Intel(R) Core(TM) i5-8250U CPU @ 1.60GHz, 8 cores, 7G,  Windows 10 , 64 bit Build 19041 (10.0.19041.3636)
Time: Mon Jan  8 20:51:36 2024 RTZ 4 (зима) elapsed time: 0 seconds (0d 0h 0m 0s)

---------------  T H R E A D  ---------------

Current thread (0x0000027c82b04800):  JavaThread "Unknown thread" [_thread_in_vm, id=17368, stack(0x000000e4d4100000,0x000000e4d4200000)]

Stack: [0x000000e4d4100000,0x000000e4d4200000]
Native frames: (J=compiled Java code, j=interpreted, Vv=VM code, C=native code)
V  [jvm.dll+0x63adaa]
V  [jvm.dll+0x77852f]
V  [jvm.dll+0x779b18]
V  [jvm.dll+0x77a1d3]
V  [jvm.dll+0x2624c8]
V  [jvm.dll+0x63825a]
V  [jvm.dll+0x62cb15]
V  [jvm.dll+0x31563c]
V  [jvm.dll+0x3154c2]
V  [jvm.dll+0x31ae4e]
V  [jvm.dll+0x367282]
V  [jvm.dll+0x366c90]
V  [jvm.dll+0x2f2378]
V  [jvm.dll+0x2f34d6]
V  [jvm.dll+0x7517d7]
V  [jvm.dll+0x752f1f]
V  [jvm.dll+0x374099]
V  [jvm.dll+0x738059]
V  [jvm.dll+0x3e35fd]
V  [jvm.dll+0x3e5961]
C  [java.exe+0x3603]
C  [java.exe+0x1746c]
C  [KERNEL32.DLL+0x17344]
C  [ntdll.dll+0x526b1]


---------------  P R O C E S S  ---------------

Threads class SMR info:
_java_thread_list=0x0000027c81141cd0, length=0, elements={
}

Java Threads: ( => current thread )

Other Threads:
  0x0000027c82b1c800 GCTaskThread "GC Thread#0" [stack: 0x000000e4d4200000,0x000000e4d4300000] [id=6760]
  0x0000027c82b4e800 ConcurrentGCThread "G1 Main Marker" [stack: 0x000000e4d4300000,0x000000e4d4400000] [id=12396]
  0x0000027c82b51000 ConcurrentGCThread "G1 Conc#0" [stack: 0x000000e4d4400000,0x000000e4d4500000] [id=7824]

[error occurred during error reporting (printing all threads), id 0xc0000005, EXCEPTION_ACCESS_VIOLATION (0xc0000005) at pc=0x00007ffe62700d37]

VM state:not at safepoint (not fully initialized)

VM Mutex/Monitor currently owned by a thread:  ([mutex/lock_event])
[0x0000027c82b03110] Heap_lock - owner thread: 0x0000027c82b04800

Heap address: 0x0000000082400000, size: 2012 MB, Compressed Oops mode: Non-zero based: 0x0000000082400000
Narrow klass base: 0x0000000000000000, Narrow klass shift: 0

GC Heap History (0 events):
No events

Deoptimization events (0 events):
No events

Classes redefined (0 events):
No events

Internal exceptions (0 events):
No events

Events (0 events):
No events


Dynamic libraries:
0x00007ff6d9970000 - 0x00007ff6d99b5000 	C:\Program Files\Java\jdk-11.0.0.1\bin\java.exe
0x00007ffea3670000 - 0x00007ffea3868000 	C:\WINDOWS\SYSTEM32\ntdll.dll
0x00007ffea1c50000 - 0x00007ffea1d0d000 	C:\WINDOWS\System32\KERNEL32.DLL
0x00007ffea0fd0000 - 0x00007ffea12c6000 	C:\WINDOWS\System32\KERNELBASE.dll
0x00007ffea1d20000 - 0x00007ffea1ebe000 	C:\WINDOWS\System32\USER32.dll
0x00007ffea0ef0000 - 0x00007ffea0f12000 	C:\WINDOWS\System32\win32u.dll
0x00007ffea1bf0000 - 0x00007ffea1c1c000 	C:\WINDOWS\System32\GDI32.dll
0x00007ffea1530000 - 0x00007ffea164a000 	C:\WINDOWS\System32\gdi32full.dll
0x00007ffea0d20000 - 0x00007ffea0dbd000 	C:\WINDOWS\System32\msvcp_win.dll
0x00007ffea0dc0000 - 0x00007ffea0ec0000 	C:\WINDOWS\System32\ucrtbase.dll
0x00007ffea0350000 - 0x00007ffea05ea000 	C:\WINDOWS\WinSxS\amd64_microsoft.windows.common-controls_6595b64144ccf1df_6.0.19041.3636_none_60b6a03d71f818d5\COMCTL32.dll
0x00007ffea31a0000 - 0x00007ffea323e000 	C:\WINDOWS\System32\msvcrt.dll
0x00007ffea1c20000 - 0x00007ffea1c50000 	C:\WINDOWS\System32\IMM32.DLL
0x00007ffe9b5f0000 - 0x00007ffe9b606000 	C:\Program Files\Java\jdk-11.0.0.1\bin\vcruntime140.dll
0x00007ffe843f0000 - 0x00007ffe8449a000 	C:\Program Files\Java\jdk-11.0.0.1\bin\msvcp140.dll
0x00007ffe62400000 - 0x00007ffe62f43000 	C:\Program Files\Java\jdk-11.0.0.1\bin\server\jvm.dll
0x00007ffea2e20000 - 0x00007ffea2ecf000 	C:\WINDOWS\System32\ADVAPI32.dll
0x00007ffea1fd0000 - 0x00007ffea206c000 	C:\WINDOWS\System32\sechost.dll
0x00007ffea3460000 - 0x00007ffea3586000 	C:\WINDOWS\System32\RPCRT4.dll
0x00007ffea1770000 - 0x00007ffea1778000 	C:\WINDOWS\System32\PSAPI.DLL
0x00007ffe8a240000 - 0x00007ffe8a249000 	C:\WINDOWS\SYSTEM32\WSOCK32.dll
0x00007ffe81860000 - 0x00007ffe81887000 	C:\WINDOWS\SYSTEM32\WINMM.dll
0x00007ffe9e730000 - 0x00007ffe9e73a000 	C:\WINDOWS\SYSTEM32\VERSION.dll
0x00007ffea3590000 - 0x00007ffea35fb000 	C:\WINDOWS\System32\WS2_32.dll
0x00007ffe9e700000 - 0x00007ffe9e712000 	C:\WINDOWS\SYSTEM32\kernel.appcore.dll
0x00007ffe9b710000 - 0x00007ffe9b721000 	C:\Program Files\Java\jdk-11.0.0.1\bin\verify.dll
0x00007ffea0630000 - 0x00007ffea0814000 	C:\WINDOWS\SYSTEM32\DBGHELP.DLL
0x00007ffea05f0000 - 0x00007ffea0624000 	C:\WINDOWS\SYSTEM32\dbgcore.DLL
0x00007ffea14a0000 - 0x00007ffea1522000 	C:\WINDOWS\System32\bcryptPrimitives.dll
0x00007ffe9b6e0000 - 0x00007ffe9b708000 	C:\Program Files\Java\jdk-11.0.0.1\bin\java.dll
0x00007ffe967b0000 - 0x00007ffe967df000 	C:\Program Files\Java\jdk-11.0.0.1\bin\instrument.dll
0x00007ffe96780000 - 0x00007ffe96796000 	C:\Program Files\Java\jdk-11.0.0.1\bin\zip.dll
0x00007ffe9f120000 - 0x00007ffe9f12a000 	C:\Program Files\Java\jdk-11.0.0.1\bin\jimage.dll

dbghelp: loaded successfully - version: 4.0.5 - missing functions: none
symbol engine: initialized successfully - sym options: 0x614 - pdb path: .;C:\Program Files\Java\jdk-11.0.0.1\bin;C:\WINDOWS\SYSTEM32;C:\WINDOWS\WinSxS\amd64_microsoft.windows.common-controls_6595b64144ccf1df_6.0.19041.3636_none_60b6a03d71f818d5;C:\Program Files\Java\jdk-11.0.0.1\bin\server

VM Arguments:
jvm_args: -javaagent:C:\Program Files\JetBrains\IntelliJ IDEA Community Edition 2023.2.3\lib\idea_rt.jar=59221:C:\Program Files\JetBrains\IntelliJ IDEA Community Edition 2023.2.3\bin -Dfile.encoding=UTF-8 
java_command: org.example.homework.first.GetAverage
java_class_path (initial): C:\Users\ASUS\IdeaProjects\Java_Junior\target\classes
Launcher Type: SUN_STANDARD

[Global flags]
     intx CICompilerCount                          = 4                                         {product} {ergonomic}
     uint ConcGCThreads                            = 2                                         {product} {ergonomic}
     uint G1ConcRefinementThreads                  = 8                                         {product} {ergonomic}
   size_t G1HeapRegionSize                         = 1048576                                   {product} {ergonomic}
    uintx GCDrainStackTargetSize                   = 64                                        {product} {ergonomic}
   size_t InitialHeapSize                          = 132120576                                 {product} {ergonomic}
   size_t MarkStackSize                            = 4194304                                   {product} {ergonomic}
   size_t MaxHeapSize                              = 2109734912                                {product} {ergonomic}
   size_t MinHeapDeltaBytes                        = 1048576                                   {product} {ergonomic}
    uintx NonNMethodCodeHeapSize                   = 5835340                                {pd product} {ergonomic}
    uintx NonProfiledCodeHeapSize                  = 122911450                              {pd product} {ergonomic}
    uintx ProfiledCodeHeapSize                     = 122911450                              {pd product} {ergonomic}
    uintx ReservedCodeCacheSize                    = 251658240                              {pd product} {ergonomic}
     bool SegmentedCodeCache                       = true                                      {product} {ergonomic}
     bool UseCompressedClassPointers               = true                                 {lp64_product} {ergonomic}
     bool UseCompressedOops                        = true                                 {lp64_product} {ergonomic}
     bool UseG1GC                                  = true                                      {product} {ergonomic}
     bool UseLargePagesIndividualAllocation        = false                                  {pd product} {ergonomic}

Logging:
Log output configuration:
 #0: stdout all=warning uptime,level,tags
 #1: stderr all=off uptime,level,tags

Environment Variables:
JAVA_HOME=C:\Program Files\Java\jdk-11.0.0.1
PATH=C:\Program Files (x86)\Intel\iCLS Client\;C:\Program Files\Intel\iCLS Client\;C:\WINDOWS\system32;C:\WINDOWS;C:\WINDOWS\System32\Wbem;C:\WINDOWS\System32\WindowsPowerShell\v1.0\;C:\Program Files (x86)\Intel\Intel(R) Management Engine Components\DAL;C:\Program Files\Intel\Intel(R) Management Engine Components\DAL;C:\Program Files (x86)\Intel\Intel(R) Management Engine Components\IPT;C:\Program Files\Intel\Intel(R) Management Engine Components\IPT;C:\WINDOWS\System32\OpenSSH\;C:\Program Files\Intel\WiFi\bin\;C:\Program Files\Common Files\Intel\WirelessCommon\;C:\Program Files\Perforce\;C:\Program Files\dotnet\;C:\Program Files\Microsoft SQL Server\150\Tools\Binn\;C:\Program Files\PuTTY\;C:\Program Files\Git\cmd;%JAVA_HOME%\bin;C:\Program Files\MySQL\MySQL Shell 8.0\bin\;C:\Users\ASUS\AppData\Local\Microsoft\WindowsApps;C:\Users\ASUS\.dotnet\tools;C:\Program Files\Java\jdk-11.0.0.1\bin;
USERNAME=ASUS
OS=Windows_NT
PROCESSOR_IDENTIFIER=Intel64 Family 6 Model 142 Stepping 10, GenuineIntel



---------------  S Y S T E M  ---------------

OS: Windows 10 , 64 bit Build 19041 (10.0.19041.3636)

CPU:total 8 (initial active 8) (4 cores per cpu, 2 threads per core) family 6 model 142 stepping 10, cmov, cx8, fxsr, mmx, sse, sse2, sse3, ssse3, sse4.1, sse4.2, popcnt, avx, avx2, aes, clmul, erms, 3dnowpref, lzcnt, ht, tsc, tscinvbit, bmi1, bmi2, adx, fma

Memory: 4k page, system-wide physical 8045M (736M free)
TotalPageFile size 16045M (AvailPageFile size 1M)
current process WorkingSet (physical memory assigned to process): 10M, peak: 10M
current process commit charge ("private bytes"): 188M, peak: 188M

vm_info: OpenJDK 64-Bit Server VM (11.0.0.1+3-5) for windows-amd64 JRE (11.0.0.1+3-5), built on Apr  7 2023 19:59:13 by "mach5one" with MS VC++ 15.5 (VS2017)

END.
